# JRE version: OpenJDK Runtime Environment Temurin-21.0.12.1+1 (21.0.12.1+1) (build 21.0.12.1+1-LTS)
# Java VM: OpenJDK 64-Bit Server VM Temurin-21.0.12.1+1 (21.0.12.1+1-LTS, mixed mode, sharing, tiered, compressed oops, compressed class ptrs, parallel gc, windows-amd64)
GC Precious Log:
 CardTable entry size: 512
 CPUs: 12 total, 12 available
 Memory: 5996M
 Large Page Support: Disabled
 NUMA Support: Disabled
 Compressed Oops: Enabled (32-bit)
 Alignments: Space 512K, Generation 512K, Heap 2M
 Heap Min Capacity: 100M
 Heap Initial Capacity: 100M
 Heap Max Capacity: 2G
 Pre-touch: Disabled
 Parallel Workers: 10
Heap:
 PSYoungGen      total 16896K, used 10659K [0x00000000d5580000, 0x00000000d6a80000, 0x0000000100000000)
  eden space 15360K, 59% used [0x00000000d5580000,0x00000000d5e6cce8,0x00000000d6480000)
  from space 1536K, 98% used [0x00000000d6480000,0x00000000d65fc030,0x00000000d6600000)
  to   space 3072K, 0% used [0x00000000d6780000,0x00000000d6780000,0x00000000d6a80000)
 ParOldGen       total 877568K, used 351517K [0x0000000080000000, 0x00000000b5900000, 0x00000000d5580000)
  object space 877568K, 40% used [0x0000000080000000,0x0000000095747548,0x00000000b5900000)
 Metaspace       used 76580K, committed 78272K, reserved 1179648K
  class space    used 7931K, committed 8704K, reserved 1048576K
GC Heap History (20 events):
Event: 2079.504 GC heap before
{Heap before GC invocations=1208 (full 4):
 PSYoungGen      total 18432K, used 18411K [0x00000000d5580000, 0x00000000d6b00000, 0x0000000100000000)
  eden space 17920K, 99% used [0x00000000d5580000,0x00000000d66fffe8,0x00000000d6700000)
  from space 512K, 95% used [0x00000000d6a00000,0x00000000d6a7ac68,0x00000000d6a80000)
  to   space 512K, 0% used [0x00000000d6a80000,0x00000000d6a80000,0x00000000d6b00000)
 ParOldGen       total 877568K, used 337260K [0x0000000080000000, 0x00000000b5900000, 0x00000000d5580000)
  object space 877568K, 38% used [0x0000000080000000,0x000000009495b198,0x00000000b5900000)
 Metaspace       used 76258K, committed 77888K, reserved 1179648K
  class space    used 7925K, committed 8640K, reserved 1048576K
}
Event: 2079.515 GC heap after
{Heap after GC invocations=1208 (full 4):
 PSYoungGen      total 18432K, used 487K [0x00000000d5580000, 0x00000000d6c00000, 0x0000000100000000)
  eden space 17920K, 0% used [0x00000000d5580000,0x00000000d5580000,0x00000000d6700000)
  from space 512K, 95% used [0x00000000d6a80000,0x00000000d6af9cd8,0x00000000d6b00000)
  to   space 2560K, 0% used [0x00000000d6700000,0x00000000d6700000,0x00000000d6980000)
 ParOldGen       total 877568K, used 338853K [0x0000000080000000, 0x00000000b5900000, 0x00000000d5580000)
  object space 877568K, 38% used [0x0000000080000000,0x0000000094ae97f8,0x00000000b5900000)
 Metaspace       used 76258K, committed 77888K, reserved 1179648K
  class space    used 7925K, committed 8640K, reserved 1048576K
}
Event: 2079.830 GC heap before
{Heap before GC invocations=1209 (full 4):
 PSYoungGen      total 18432K, used 18407K [0x00000000d5580000, 0x00000000d6c00000, 0x0000000100000000)
  eden space 17920K, 100% used [0x00000000d5580000,0x00000000d6700000,0x00000000d6700000)
  from space 512K, 95% used [0x00000000d6a80000,0x00000000d6af9cd8,0x00000000d6b00000)
  to   space 2560K, 0% used [0x00000000d6700000,0x00000000d6700000,0x00000000d6980000)
 ParOldGen       total 877568K, used 338853K [0x0000000080000000, 0x00000000b5900000, 0x00000000d5580000)
  object space 877568K, 38% used [0x0000000080000000,0x0000000094ae97f8,0x00000000b5900000)
 Metaspace       used 76280K, committed 77888K, reserved 1179648K
  class space    used 7925K, committed 8640K, reserved 1048576K
}
Event: 2079.837 GC heap after
{Heap after GC invocations=1209 (full 4):
 PSYoungGen      total 20480K, used 2244K [0x00000000d5580000, 0x00000000d6c00000, 0x0000000100000000)
  eden space 17920K, 0% used [0x00000000d5580000,0x00000000d5580000,0x00000000d6700000)
  from space 2560K, 87% used [0x00000000d6700000,0x00000000d6931250,0x00000000d6980000)
  to   space 2560K, 0% used [0x00000000d6980000,0x00000000d6980000,0x00000000d6c00000)
 ParOldGen       total 877568K, used 339349K [0x0000000080000000, 0x00000000b5900000, 0x00000000d5580000)
  object space 877568K, 38% used [0x0000000080000000,0x0000000094b654c0,0x00000000b5900000)
 Metaspace       used 76280K, committed 77888K, reserved 1179648K
  class space    used 7925K, committed 8640K, reserved 1048576K
}
Event: 2086.219 GC heap before
{Heap before GC invocations=1210 (full 4):
 PSYoungGen      total 20480K, used 20164K [0x00000000d5580000, 0x00000000d6c00000, 0x0000000100000000)
  eden space 17920K, 100% used [0x00000000d5580000,0x00000000d6700000,0x00000000d6700000)
  from space 2560K, 87% used [0x00000000d6700000,0x00000000d6931250,0x00000000d6980000)
  to   space 2560K, 0% used [0x00000000d6980000,0x00000000d6980000,0x00000000d6c00000)
 ParOldGen       total 877568K, used 339349K [0x0000000080000000, 0x00000000b5900000, 0x00000000d5580000)
  object space 877568K, 38% used [0x0000000080000000,0x0000000094b654c0,0x00000000b5900000)
 Metaspace       used 76363K, committed 78080K, reserved 1179648K
  class space    used 7928K, committed 8704K, reserved 1048576K
}
Event: 2087.025 GC heap after
{Heap after GC invocations=1210 (full 4):
 PSYoungGen      total 17920K, used 2547K [0x00000000d5580000, 0x00000000d7100000, 0x0000000100000000)
  eden space 15360K, 0% used [0x00000000d5580000,0x00000000d5580000,0x00000000d6480000)
  from space 2560K, 99% used [0x00000000d6980000,0x00000000d6bfcc08,0x00000000d6c00000)
  to   space 5120K, 0% used [0x00000000d6480000,0x00000000d6480000,0x00000000d6980000)
 ParOldGen       total 877568K, used 341413K [0x0000000080000000, 0x00000000b5900000, 0x00000000d5580000)
  object space 877568K, 38% used [0x0000000080000000,0x0000000094d697b0,0x00000000b5900000)
 Metaspace       used 76363K, committed 78080K, reserved 1179648K
  class space    used 7928K, committed 8704K, reserved 1048576K
}
Event: 2087.358 GC heap before
{Heap before GC invocations=1211 (full 4):
 PSYoungGen      total 17920K, used 17907K [0x00000000d5580000, 0x00000000d7100000, 0x0000000100000000)
  eden space 15360K, 100% used [0x00000000d5580000,0x00000000d6480000,0x00000000d6480000)
  from space 2560K, 99% used [0x00000000d6980000,0x00000000d6bfcc08,0x00000000d6c00000)
  to   space 5120K, 0% used [0x00000000d6480000,0x00000000d6480000,0x00000000d6980000)
 ParOldGen       total 877568K, used 341413K [0x0000000080000000, 0x00000000b5900000, 0x00000000d5580000)
  object space 877568K, 38% used [0x0000000080000000,0x0000000094d697b0,0x00000000b5900000)
 Metaspace       used 76382K, committed 78080K, reserved 1179648K
  class space    used 7928K, committed 8704K, reserved 1048576K
}
Event: 2087.367 GC heap after
{Heap after GC invocations=1211 (full 4):
 PSYoungGen      total 16896K, used 1120K [0x00000000d5580000, 0x00000000d6a00000, 0x0000000100000000)
  eden space 15360K, 0% used [0x00000000d5580000,0x00000000d5580000,0x00000000d6480000)
  from space 1536K, 72% used [0x00000000d6480000,0x00000000d6598040,0x00000000d6600000)
  to   space 2560K, 0% used [0x00000000d6780000,0x00000000d6780000,0x00000000d6a00000)
 ParOldGen       total 877568K, used 343873K [0x0000000080000000, 0x00000000b5900000, 0x00000000d5580000)
  object space 877568K, 39% used [0x0000000080000000,0x0000000094fd04a8,0x00000000b5900000)
 Metaspace       used 76382K, committed 78080K, reserved 1179648K
  class space    used 7928K, committed 8704K, reserved 1048576K
}
Event: 2087.514 GC heap before
{Heap before GC invocations=1212 (full 4):
 PSYoungGen      total 16896K, used 16480K [0x00000000d5580000, 0x00000000d6a00000, 0x0000000100000000)
  eden space 15360K, 100% used [0x00000000d5580000,0x00000000d6480000,0x00000000d6480000)
  from space 1536K, 72% used [0x00000000d6480000,0x00000000d6598040,0x00000000d6600000)
  to   space 2560K, 0% used [0x00000000d6780000,0x00000000d6780000,0x00000000d6a00000)
 ParOldGen       total 877568K, used 343873K [0x0000000080000000, 0x00000000b5900000, 0x00000000d5580000)
  object space 877568K, 39% used [0x0000000080000000,0x0000000094fd04a8,0x00000000b5900000)
 Metaspace       used 76385K, committed 78080K, reserved 1179648K
  class space    used 7928K, committed 8704K, reserved 1048576K
}
Event: 2087.520 GC heap after
{Heap after GC invocations=1212 (full 4):
 PSYoungGen      total 16896K, used 1024K [0x00000000d5580000, 0x00000000d6900000, 0x0000000100000000)
  eden space 15360K, 0% used [0x00000000d5580000,0x00000000d5580000,0x00000000d6480000)
  from space 1536K, 66% used [0x00000000d6780000,0x00000000d6880040,0x00000000d6900000)
  to   space 1536K, 0% used [0x00000000d6480000,0x00000000d6480000,0x00000000d6600000)
 ParOldGen       total 877568K, used 344849K [0x0000000080000000, 0x00000000b5900000, 0x00000000d5580000)
  object space 877568K, 39% used [0x0000000080000000,0x00000000950c44e8,0x00000000b5900000)
 Metaspace       used 76385K, committed 78080K, reserved 1179648K
  class space    used 7928K, committed 8704K, reserved 1048576K
}
Event: 2087.732 GC heap before
{Heap before GC invocations=1213 (full 4):
 PSYoungGen      total 16896K, used 16384K [0x00000000d5580000, 0x00000000d6900000, 0x0000000100000000)
  eden space 15360K, 100% used [0x00000000d5580000,0x00000000d6480000,0x00000000d6480000)
  from space 1536K, 66% used [0x00000000d6780000,0x00000000d6880040,0x00000000d6900000)
  to   space 1536K, 0% used [0x00000000d6480000,0x00000000d6480000,0x00000000d6600000)
 ParOldGen       total 877568K, used 344849K [0x0000000080000000, 0x00000000b5900000, 0x00000000d5580000)
  object space 877568K, 39% used [0x0000000080000000,0x00000000950c44e8,0x00000000b5900000)
 Metaspace       used 76412K, committed 78144K, reserved 1179648K
  class space    used 7928K, committed 8704K, reserved 1048576K
}
Event: 2087.738 GC heap after
{Heap after GC invocations=1213 (full 4):
 PSYoungGen      total 16896K, used 1520K [0x00000000d5580000, 0x00000000d6a80000, 0x0000000100000000)
  eden space 15360K, 0% used [0x00000000d5580000,0x00000000d5580000,0x00000000d6480000)
  from space 1536K, 98% used [0x00000000d6480000,0x00000000d65fc050,0x00000000d6600000)
  to   space 3072K, 0% used [0x00000000d6780000,0x00000000d6780000,0x00000000d6a80000)
 ParOldGen       total 877568K, used 345777K [0x0000000080000000, 0x00000000b5900000, 0x00000000d5580000)
  object space 877568K, 39% used [0x0000000080000000,0x00000000951ac500,0x00000000b5900000)
 Metaspace       used 76412K, committed 78144K, reserved 1179648K
  class space    used 7928K, committed 8704K, reserved 1048576K
}
Event: 2087.905 GC heap before
{Heap before GC invocations=1214 (full 4):
 PSYoungGen      total 16896K, used 16880K [0x00000000d5580000, 0x00000000d6a80000, 0x0000000100000000)
  eden space 15360K, 100% used [0x00000000d5580000,0x00000000d6480000,0x00000000d6480000)
  from space 1536K, 98% used [0x00000000d6480000,0x00000000d65fc050,0x00000000d6600000)
  to   space 3072K, 0% used [0x00000000d6780000,0x00000000d6780000,0x00000000d6a80000)
 ParOldGen       total 877568K, used 345777K [0x0000000080000000, 0x00000000b5900000, 0x00000000d5580000)
  object space 877568K, 39% used [0x0000000080000000,0x00000000951ac500,0x00000000b5900000)
 Metaspace       used 76462K, committed 78144K, reserved 1179648K
  class space    used 7928K, committed 8704K, reserved 1048576K
}
Event: 2087.912 GC heap after
{Heap after GC invocations=1214 (full 4):
 PSYoungGen      total 18432K, used 2535K [0x00000000d5580000, 0x00000000d6a80000, 0x0000000100000000)
  eden space 15360K, 0% used [0x00000000d5580000,0x00000000d5580000,0x00000000d6480000)
  from space 3072K, 82% used [0x00000000d6780000,0x00000000d69f9d88,0x00000000d6a80000)
  to   space 3072K, 0% used [0x00000000d6480000,0x00000000d6480000,0x00000000d6780000)
 ParOldGen       total 877568K, used 347161K [0x0000000080000000, 0x00000000b5900000, 0x00000000d5580000)
  object space 877568K, 39% used [0x0000000080000000,0x0000000095306550,0x00000000b5900000)
 Metaspace       used 76462K, committed 78144K, reserved 1179648K
  class space    used 7928K, committed 8704K, reserved 1048576K
}
Event: 2088.026 GC heap before
{Heap before GC invocations=1215 (full 4):
 PSYoungGen      total 18432K, used 17895K [0x00000000d5580000, 0x00000000d6a80000, 0x0000000100000000)
  eden space 15360K, 100% used [0x00000000d5580000,0x00000000d6480000,0x00000000d6480000)
  from space 3072K, 82% used [0x00000000d6780000,0x00000000d69f9d88,0x00000000d6a80000)
  to   space 3072K, 0% used [0x00000000d6480000,0x00000000d6480000,0x00000000d6780000)
 ParOldGen       total 877568K, used 347161K [0x0000000080000000, 0x00000000b5900000, 0x00000000d5580000)
  object space 877568K, 39% used [0x0000000080000000,0x0000000095306550,0x00000000b5900000)
 Metaspace       used 76464K, committed 78144K, reserved 1179648K
  class space    used 7928K, committed 8704K, reserved 1048576K
}
Event: 2088.034 GC heap after
{Heap after GC invocations=1215 (full 4):
 PSYoungGen      total 16896K, used 1056K [0x00000000d5580000, 0x00000000d6880000, 0x0000000100000000)
  eden space 15360K, 0% used [0x00000000d5580000,0x00000000d5580000,0x00000000d6480000)
  from space 1536K, 68% used [0x00000000d6480000,0x00000000d6588040,0x00000000d6600000)
  to   space 2048K, 0% used [0x00000000d6680000,0x00000000d6680000,0x00000000d6880000)
 ParOldGen       total 877568K, used 349517K [0x0000000080000000, 0x00000000b5900000, 0x00000000d5580000)
  object space 877568K, 39% used [0x0000000080000000,0x00000000955537b0,0x00000000b5900000)
 Metaspace       used 76464K, committed 78144K, reserved 1179648K
  class space    used 7928K, committed 8704K, reserved 1048576K
}
Event: 2088.145 GC heap before
{Heap before GC invocations=1216 (full 4):
 PSYoungGen      total 16896K, used 16416K [0x00000000d5580000, 0x00000000d6880000, 0x0000000100000000)
  eden space 15360K, 100% used [0x00000000d5580000,0x00000000d6480000,0x00000000d6480000)
  from space 1536K, 68% used [0x00000000d6480000,0x00000000d6588040,0x00000000d6600000)
  to   space 2048K, 0% used [0x00000000d6680000,0x00000000d6680000,0x00000000d6880000)
 ParOldGen       total 877568K, used 349517K [0x0000000080000000, 0x00000000b5900000, 0x00000000d5580000)
  object space 877568K, 39% used [0x0000000080000000,0x00000000955537b0,0x00000000b5900000)
 Metaspace       used 76465K, committed 78144K, reserved 1179648K
  class space    used 7928K, committed 8704K, reserved 1048576K
}
Event: 2088.149 GC heap after
{Heap after GC invocations=1216 (full 4):
 PSYoungGen      total 16384K, used 1008K [0x00000000d5580000, 0x00000000d6780000, 0x0000000100000000)
  eden space 15360K, 0% used [0x00000000d5580000,0x00000000d5580000,0x00000000d6480000)
  from space 1024K, 98% used [0x00000000d6680000,0x00000000d677c050,0x00000000d6780000)
  to   space 1536K, 0% used [0x00000000d6480000,0x00000000d6480000,0x00000000d6600000)
 ParOldGen       total 877568K, used 350437K [0x0000000080000000, 0x00000000b5900000, 0x00000000d5580000)
  object space 877568K, 39% used [0x0000000080000000,0x00000000956397f0,0x00000000b5900000)
 Metaspace       used 76465K, committed 78144K, reserved 1179648K
  class space    used 7928K, committed 8704K, reserved 1048576K
}
Event: 2088.260 GC heap before
{Heap before GC invocations=1217 (full 4):
 PSYoungGen      total 16384K, used 16368K [0x00000000d5580000, 0x00000000d6780000, 0x0000000100000000)
  eden space 15360K, 100% used [0x00000000d5580000,0x00000000d6480000,0x00000000d6480000)
  from space 1024K, 98% used [0x00000000d6680000,0x00000000d677c050,0x00000000d6780000)
  to   space 1536K, 0% used [0x00000000d6480000,0x00000000d6480000,0x00000000d6600000)
 ParOldGen       total 877568K, used 350437K [0x0000000080000000, 0x00000000b5900000, 0x00000000d5580000)
  object space 877568K, 39% used [0x0000000080000000,0x00000000956397f0,0x00000000b5900000)
 Metaspace       used 76537K, committed 78208K, reserved 1179648K
  class space    used 7930K, committed 8704K, reserved 1048576K
}
Event: 2088.266 GC heap after
{Heap after GC invocations=1217 (full 4):
 PSYoungGen      total 16896K, used 1520K [0x00000000d5580000, 0x00000000d6a80000, 0x0000000100000000)
  eden space 15360K, 0% used [0x00000000d5580000,0x00000000d5580000,0x00000000d6480000)
  from space 1536K, 98% used [0x00000000d6480000,0x00000000d65fc030,0x00000000d6600000)
  to   space 3072K, 0% used [0x00000000d6780000,0x00000000d6780000,0x00000000d6a80000)
 ParOldGen       total 877568K, used 351517K [0x0000000080000000, 0x00000000b5900000, 0x00000000d5580000)
  object space 877568K, 40% used [0x0000000080000000,0x0000000095747548,0x00000000b5900000)
 Metaspace       used 76537K, committed 78208K, reserved 1179648K
  class space    used 7930K, committed 8704K, reserved 1048576K
}

